[2017-08-09 08:56:52.994] [INFO] registro - La caja No. 2 a tomado el turno: 28 y el asunto: Tramites
[2017-08-09 12:27:07.491] [INFO] registro - La caja No. 2 a tomado el turno: P18 y el asunto: Pago
[2017-08-09 12:27:17.221] [INFO] registro - La caja No. 2 termino el turno: P18 y el asunto: Pago
[2017-08-09 12:27:18.546] [INFO] registro - La caja No. 2 a tomado el turno: P19 y el asunto: Pago
[2017-08-09 12:27:32.273] [INFO] registro - La caja No. 2 termino el turno: P19 y el asunto: Pago
[2017-08-11 11:54:57.563] [INFO] registro - La caja No. 2 a tomado el turno: A126 y el asunto: Tramites
[2017-08-11 11:55:04.857] [INFO] registro - La caja No. 2 termino el turno: A126 y el asunto: Tramites
[2017-08-11 11:59:21.499] [INFO] registro - La caja No. 2 a tomado el turno: P124 y el asunto: Pago
[2017-08-11 11:59:35.715] [INFO] registro - La caja No. 2 termino el turno: P124 y el asunto: Pago
[2017-08-11 11:59:47.097] [INFO] registro - La caja No. 2 a tomado el turno: P125 y el asunto: Pago
[2017-08-11 11:59:54.037] [INFO] registro - La caja No. 2 termino el turno: P125 y el asunto: Pago
[2017-08-11 12:00:51.044] [INFO] registro - La caja No. 2 a tomado el turno: A127 y el asunto: Tramites
[2017-08-11 12:01:02.782] [INFO] registro - La caja No. 2 termino el turno: A127 y el asunto: Tramites
[2017-08-11 12:01:04.168] [INFO] registro - La caja No. 2 a tomado el turno: A128 y el asunto: Aclaraciones y Otros
[2017-08-11 12:01:08.725] [INFO] registro - La caja No. 2 termino el turno: A128 y el asunto: Aclaraciones y Otros
[2017-08-11 12:01:12.764] [INFO] registro - La caja No. 2 a tomado el turno: A129 y el asunto: Tramites
[2017-08-11 12:01:14.601] [INFO] registro - La caja No. 2 dio por abandonado el turno: A129 y el asunto: Tramites
[2017-08-11 12:01:15.427] [INFO] registro - La caja No. 2 a tomado el turno: A130 y el asunto: Tramites
[2017-08-11 12:01:16.335] [INFO] registro - La caja No. 2 dio por abandonado el turno: A130 y el asunto: Tramites
[2017-08-11 12:01:34.548] [INFO] registro - La caja No. 2 a tomado el turno: A131 y el asunto: Aclaraciones y Otros
[2017-08-11 12:01:46.620] [INFO] registro - La caja No. 2 termino el turno: A131 y el asunto: Aclaraciones y Otros
[2017-08-11 12:04:16.781] [INFO] registro - La caja No. 2 a tomado el turno: A132 y el asunto: Aclaraciones y Otros
[2017-08-11 12:04:19.911] [INFO] registro - La caja No. 2 termino el turno: A132 y el asunto: Aclaraciones y Otros
[2017-08-11 12:04:30.181] [INFO] registro - La caja No. 2 a tomado el turno: A133 y el asunto: Tramites
[2017-08-11 12:04:36.806] [INFO] registro - La caja No. 2 termino el turno: A133 y el asunto: Tramites
[2017-08-11 12:04:37.924] [INFO] registro - La caja No. 2 a tomado el turno: A134 y el asunto: Tramites
[2017-08-11 12:04:42.069] [INFO] registro - La caja No. 2 termino el turno: A134 y el asunto: Tramites
[2017-08-11 12:05:11.609] [INFO] registro - La caja No. 2 a tomado el turno: A135 y el asunto: Aclaraciones y Otros
[2017-08-11 12:05:20.634] [INFO] registro - La caja No. 2 termino el turno: A135 y el asunto: Aclaraciones y Otros
[2017-08-11 12:06:27.925] [INFO] registro - La caja No. 2 a tomado el turno: A136 y el asunto: Tramites
[2017-08-11 12:06:35.919] [INFO] registro - La caja No. 2 termino el turno: A136 y el asunto: Tramites
